<?xml version="1.0" encoding="UTF-8"?>
<!-- Generated by org.testng.reporters.JUnitReportReporter -->
<testsuite hostname="DESKTOP-JNDD9HO" failures="0" tests="1" name="Test.Validation" time="44.729" errors="0" timestamp="29 Mar 2023 16:59:45 GMT" skipped="0">
  <testcase classname="Test.Validation" name="sample" time="44.729"/>
</testsuite> <!-- Test.Validation -->
