<?xml version="1.0" encoding="UTF-8"?>
<!-- Generated by org.testng.reporters.JUnitReportReporter -->
<testsuite hostname="DESKTOP-JNDD9HO" failures="0" tests="1" name="GlobalBase.Base" time="4.962" errors="0" timestamp="29 Mar 2023 11:22:38 GMT" skipped="0">
  <testcase classname="GlobalBase.Base" name="openBrowser" time="4.962"/>
</testsuite> <!-- GlobalBase.Base -->
